<?xml version="1.0" encoding="UTF-8"?>
<testsuite name="TestNGTest-0d174f9c-65c9-4e55-9a4a-180afdd6b868"
           tests="14"
           failures="0"
           errors="0"
           skipped="0"
           time="57.644">
    <properties></properties>



            <testcase
                name="ExperimentalDownloadsLinuxDeb"
                time="1.824"
                classname="Download">
            </testcase>
            <testcase
                name="AndroidDownload"
                time="5.380"
                classname="Download">
            </testcase>
            <testcase
                name="iOSDownload"
                time="10.577"
                classname="Download">
            </testcase>
            <testcase
                name="ExperimentalDownloadsLinuxTar"
                time="5.571"
                classname="Download">
            </testcase>
            <testcase
                name="MainDownloadTextButton"
                time="1.189"
                classname="Download">
            </testcase>
            <testcase
                name="LinuxDownloadTar"
                time="5.053"
                classname="Download">
            </testcase>
            <testcase
                name="LinuxDownloadDeb"
                time="2.862"
                classname="Download">
            </testcase>
            <testcase
                name="ExperimentalDownloadsWindows64Canary"
                time="4.066"
                classname="Download">
            </testcase>
            <testcase
                name="ExperimentalDownloadsWindows64"
                time="3.789"
                classname="Download">
            </testcase>
            <testcase
                name="ExperimentalDownloadsMac"
                time="5.377"
                classname="Download">
            </testcase>
            <testcase
                name="MainDownloadButton"
                time="3.429"
                classname="Download">
            </testcase>
            <testcase
                name="MacDownload"
                time="2.459"
                classname="Download">
            </testcase>
            <testcase
                name="ExperimentalDownloadsWindows32"
                time="3.379"
                classname="Download">
            </testcase>
            <testcase
                name="ArchiveDownload"
                time="2.689"
                classname="Download">
            </testcase>
</testsuite>
